<?xml version="1.0" encoding="UTF-8"?>
<testsuite xmlns:xsi="http://www.w3.org/2001/XMLSchema-instance" xsi:noNamespaceSchemaLocation="https://maven.apache.org/surefire/maven-surefire-plugin/xsd/surefire-test-report-3.0.xsd" version="3.0" name="tek.capstone.framwork.runner.TestRunner" time="9.315" tests="2" errors="0" skipped="0" failures="0">
  <properties>
[...]
</properties>
  <testcase name="Verify user can create an account into Retail Website" classname="Sign In Feature" time="5.374">
    <system-out><![CDATA[
@test1
Scenario: Verify user can create an account into Retail Website # features/SignIn.feature:7
{browser=chrome, headless=false, url=https://tek-retail-ui.azurewebsites.net/}
 INFO [main] (HomeSteps.java:25)- User is on retail website
  Given User is on retail website                               # tek.capstone.framwork.steps.HomeSteps.userIsOnRetailWebsite()

    Embedding Screenshot after step [image/png 868010 bytes]

 INFO [main] (SignInSteps.java:22)- User clicked on sign in option
  When User click on Sign in option                             # tek.capstone.framwork.steps.SignInSteps.Userclickonsgnin()

    Embedding Screenshot after step [image/png 26708 bytes]

 INFO [main] (SignInSteps.java:47)- user clicked on Create New Account button
  And User click on Create New Account button                   # tek.capstone.framwork.steps.SignInSteps.userCreateAccount()

    Embedding Screenshot after step [image/png 24226 bytes]

 INFO [main] (SignInSteps.java:57)- user filled the signUp informations
  And User fill the signUp information with below data          # tek.capstone.framwork.steps.SignInSteps.userFillsihnUp(io.cucumber.datatable.DataTable)
    | name   | email              | password  | confirmPassword |
    | Cheikh | abedd@tekschool.us | Tek@12345 | Tek@12345       |

    Embedding Screenshot after step [image/png 29511 bytes]

 INFO [main] (SignInSteps.java:64)- User Signed up
  And User click on SignUp button                               # tek.capstone.framwork.steps.SignInSteps.userClickonSignUp()

    Embedding Screenshot after step [image/png 29487 bytes]

 INFO [main] (SignInSteps.java:72)- user is logged into account page
  Then User should be logged into account page                  # tek.capstone.framwork.steps.SignInSteps.userShouldLogedinpage()

    Embedding Screenshot after step [image/png 95237 bytes]

]]></system-out>
    <system-err><![CDATA[SLF4J: Failed to load class "org.slf4j.impl.StaticLoggerBinder".
SLF4J: Defaulting to no-operation (NOP) logger implementation
SLF4J: See http://www.slf4j.org/codes.html#StaticLoggerBinder for further details.
ERROR StatusLogger Log4j2 could not find a logging implementation. Please add log4j-core to the classpath. Using SimpleLogger to log to the console...
Starting ChromeDriver 111.0.5563.64 (c710e93d5b63b7095afe8c2c17df34408078439d-refs/branch-heads/5563@{#995}) on port 58338
Only local connections are allowed.
Please see https://chromedriver.chromium.org/security-considerations for suggestions on keeping ChromeDriver safe.
ChromeDriver was started successfully.
Mar 28, 2023 4:28:36 AM org.openqa.selenium.remote.ProtocolHandshake createSession
INFO: Detected upstream dialect: W3C
Mar 28, 2023 4:28:36 AM org.openqa.selenium.devtools.CdpVersionFinder findNearestMatch
WARNING: Unable to find an exact match for CDP version 111, so returning the closest version found: a no-op implementation
Mar 28, 2023 4:28:36 AM org.openqa.selenium.devtools.CdpVersionFinder findNearestMatch
INFO: Unable to find CDP implementation matching 111.
Mar 28, 2023 4:28:36 AM org.openqa.selenium.chromium.ChromiumDriver lambda$new$3
WARNING: Unable to find version of CDP to use for . You may need to include a dependency on a specific version of the CDP using something similar to `org.seleniumhq.selenium:selenium-devtools-v86:4.4.0` where the version ("v86") matches the version of the chromium-based browser you're using and the version number of the artifact is the same as Selenium's.
]]></system-err>
  </testcase>
  <testcase name="Verify user can sign in into Retail Application" classname="Sign In Feature" time="3.134">
    <system-out><![CDATA[
@test2
Scenario: Verify user can sign in into Retail Application            # features/SignIn.feature:15
{browser=chrome, headless=false, url=https://tek-retail-ui.azurewebsites.net/}
 INFO [main] (HomeSteps.java:25)- User is on retail website
  Given User is on retail website                                    # tek.capstone.framwork.steps.HomeSteps.userIsOnRetailWebsite()

    Embedding Screenshot after step [image/png 867574 bytes]

 INFO [main] (SignInSteps.java:22)- User clicked on sign in option
  When User click on Sign in option                                  # tek.capstone.framwork.steps.SignInSteps.Userclickonsgnin()

    Embedding Screenshot after step [image/png 26708 bytes]

 INFO [main] (SignInSteps.java:29)- User entred email and password
  And User enter email "abedd@tekschool.us" and password "Tek@12345" # tek.capstone.framwork.steps.SignInSteps.userEntreEmailAndPassword(java.lang.String,java.lang.String)

    Embedding Screenshot after step [image/png 32232 bytes]

 INFO [main] (SignInSteps.java:36)- User clicked in Sgin In Button
  And User click on login button                                     # tek.capstone.framwork.steps.SignInSteps.userShouldbeloggedIn()

    Embedding Screenshot after step [image/png 30674 bytes]

 INFO [main] (SignInSteps.java:41)- user is on account page
  Then User should be logged in into Account                         # tek.capstone.framwork.steps.SignInSteps.userloggedIn()

    Embedding Screenshot after step [image/png 869149 bytes]

]]></system-out>
    <system-err><![CDATA[Starting ChromeDriver 111.0.5563.64 (c710e93d5b63b7095afe8c2c17df34408078439d-refs/branch-heads/5563@{#995}) on port 51437
Only local connections are allowed.
Please see https://chromedriver.chromium.org/security-considerations for suggestions on keeping ChromeDriver safe.
ChromeDriver was started successfully.
Mar 28, 2023 4:28:40 AM org.openqa.selenium.remote.ProtocolHandshake createSession
INFO: Detected upstream dialect: W3C
Mar 28, 2023 4:28:40 AM org.openqa.selenium.devtools.CdpVersionFinder findNearestMatch
WARNING: Unable to find an exact match for CDP version 111, so returning the closest version found: a no-op implementation
Mar 28, 2023 4:28:40 AM org.openqa.selenium.devtools.CdpVersionFinder findNearestMatch
INFO: Unable to find CDP implementation matching 111.
Mar 28, 2023 4:28:40 AM org.openqa.selenium.chromium.ChromiumDriver lambda$new$3
WARNING: Unable to find version of CDP to use for . You may need to include a dependency on a specific version of the CDP using something similar to `org.seleniumhq.selenium:selenium-devtools-v86:4.4.0` where the version ("v86") matches the version of the chromium-based browser you're using and the version number of the artifact is the same as Selenium's.
]]></system-err>
  </testcase>
</testsuite>